  Downloader.cpp
  ImageManager.cpp
C:\Users\Administrator\Desktop\course\Semester3\Network\Assignment1\GD2P03-Assignment1-StarterProject\GD2P03_Assingment1_Starter\ImageManager.cpp(29,47): warning C4244: 'argument': conversion from 'float' to 'unsigned int', possible loss of data
C:\Users\Administrator\Desktop\course\Semester3\Network\Assignment1\GD2P03-Assignment1-StarterProject\GD2P03_Assingment1_Starter\ImageManager.cpp(115,47): warning C4244: 'argument': conversion from 'float' to 'unsigned int', possible loss of data
C:\Users\Administrator\Desktop\course\Semester3\Network\Assignment1\GD2P03-Assignment1-StarterProject\GD2P03_Assingment1_Starter\ImageManager.cpp(122,21): warning C4244: 'initializing': conversion from 'double' to 'int', possible loss of data
C:\Users\Administrator\Desktop\course\Semester3\Network\Assignment1\GD2P03-Assignment1-StarterProject\GD2P03_Assingment1_Starter\ImageManager.cpp(132,68): warning C4267: '=': conversion from 'size_t' to 'int', possible loss of data
C:\Users\Administrator\Desktop\course\Semester3\Network\Assignment1\GD2P03-Assignment1-StarterProject\GD2P03_Assingment1_Starter\ImageManager.cpp(144,13): warning C4244: 'initializing': conversion from 'float' to 'int', possible loss of data
C:\Users\Administrator\Desktop\course\Semester3\Network\Assignment1\GD2P03-Assignment1-StarterProject\GD2P03_Assingment1_Starter\ImageManager.cpp(145,13): warning C4244: 'initializing': conversion from 'float' to 'int', possible loss of data
C:\Users\Administrator\Desktop\course\Semester3\Network\Assignment1\GD2P03-Assignment1-StarterProject\GD2P03_Assingment1_Starter\ImageManager.cpp(146,79): warning C4244: 'argument': conversion from 'int' to 'T', possible loss of data
          with
          [
              T=float
          ]
C:\Users\Administrator\Desktop\course\Semester3\Network\Assignment1\GD2P03-Assignment1-StarterProject\GD2P03_Assingment1_Starter\ImageManager.cpp(146,72): warning C4244: 'argument': conversion from 'int' to 'T', possible loss of data
          with
          [
              T=float
          ]
  PageManager.cpp
  Task.cpp
  ThreadPool.cpp
  UIButton.cpp
  main.cpp
  Generating Code...
  GD2P03_Assingment1_Starter.vcxproj -> C:\Users\Administrator\Desktop\course\Semester3\Network\Assignment1\GD2P03-Assignment1-StarterProject\x64\Debug\GD2P03_Assingment1_Starter.exe
